[2026-06-26 20:08:55] TO: phase4@test.dz
SUBJECT: Your PORTES Quote Request — PORTES-2026-000001

Dear Test Phase4,

Thank you for your interest in PORTES. We have received your configuration and our specialists will contact you within 24–48 hours with a tailored quotation.

YOUR REFERENCE: PORTES-2026-000001

CONFIGURATION SUMMARY
----------------------------------------
Room Type:        —
Collection:       Moderne
Material:         —
Finish:           —
Colour:           Simza
Door Type:        Chambre
Dimensions:       120 × 240 cm
----------------------------------------
Estimated price: 51 810 DZD

This estimate is indicative; your final quotation will be confirmed by our team.

With our compliments,
The PORTES Atelier — Algiers
============================================================
[2026-06-26 22:06:58] TO: alaed22@gmail.com
SUBJECT: Your PORTES Quote Request — PORTES-2026-000001

Dear Ala Din,

Thank you for your interest in PORTES. We have received your configuration and our specialists will contact you within 24–48 hours with a tailored quotation.

YOUR REFERENCE: PORTES-2026-000001

CONFIGURATION SUMMARY
----------------------------------------
Collection:       Moderne
Colour:           Madera
Usage:            Chambre
Construction:     Nédabaile
Dimensions:       200 × 300 cm
----------------------------------------
Estimated price: 107 937 DZD

This estimate is indicative; your final quotation will be confirmed by our team.

With our compliments,
The PORTES Atelier — Algiers
============================================================
[2026-06-26 22:09:59] TO: okkk@gmaol.vop
SUBJECT: Your PORTES Quote Request — PORTES-2026-000002

Dear okkkkk,

Thank you for your interest in PORTES. We have received your configuration and our specialists will contact you within 24–48 hours with a tailored quotation.

YOUR REFERENCE: PORTES-2026-000002

CONFIGURATION SUMMARY
----------------------------------------
Collection:       Moderne
Colour:           Serya
Usage:            Chambre
Construction:     Nédabaile
Dimensions:       90 × 210 cm
----------------------------------------
Estimated price: 34 000 DZD

This estimate is indicative; your final quotation will be confirmed by our team.

With our compliments,
The PORTES Atelier — Algiers
============================================================
